[16:32:03] [main/INFO]: Setting user: Player159
[16:32:04] [Client thread/INFO]: LWJGL Version: 2.9.1
[16:32:10] [Client thread/INFO]: Reloading ResourceManager: Default, FMLFileResourcePack:Forge Mod Loader, FMLFileResourcePack:Minecraft Forge, FMLFileResourcePack:Tellura
[16:32:11] [Sound Library Loader/INFO]: Sound engine started
[16:32:12] [Client thread/INFO]: Created: 512x256 textures/blocks-atlas
[16:32:12] [Client thread/ERROR]: Using missing texture, unable to load minecraft:textures/items/MISSING_ICON_ITEM_4096_amalgamShard.png
java.io.FileNotFoundException: minecraft:textures/items/MISSING_ICON_ITEM_4096_amalgamShard.png
	at net.minecraft.client.resources.FallbackResourceManager.getResource(FallbackResourceManager.java:65) ~[FallbackResourceManager.class:?]
	at net.minecraft.client.resources.SimpleReloadableResourceManager.getResource(SimpleReloadableResourceManager.java:67) ~[SimpleReloadableResourceManager.class:?]
	at net.minecraft.client.renderer.texture.TextureMap.loadTextureAtlas(TextureMap.java:126) [TextureMap.class:?]
	at net.minecraft.client.renderer.texture.TextureMap.loadTexture(TextureMap.java:91) [TextureMap.class:?]
	at net.minecraft.client.renderer.texture.TextureManager.loadTexture(TextureManager.java:89) [TextureManager.class:?]
	at net.minecraft.client.renderer.texture.TextureManager.loadTickableTexture(TextureManager.java:71) [TextureManager.class:?]
	at net.minecraft.client.renderer.texture.TextureManager.loadTextureMap(TextureManager.java:58) [TextureManager.class:?]
	at net.minecraft.client.Minecraft.startGame(Minecraft.java:583) [Minecraft.class:?]
	at net.minecraft.client.Minecraft.run(Minecraft.java:931) [Minecraft.class:?]
	at net.minecraft.client.main.Main.main(Main.java:164) [Main.class:?]
	at sun.reflect.NativeMethodAccessorImpl.invoke0(Native Method) ~[?:1.8.0_40]
	at sun.reflect.NativeMethodAccessorImpl.invoke(Unknown Source) ~[?:1.8.0_40]
	at sun.reflect.DelegatingMethodAccessorImpl.invoke(Unknown Source) ~[?:1.8.0_40]
	at java.lang.reflect.Method.invoke(Unknown Source) ~[?:1.8.0_40]
	at net.minecraft.launchwrapper.Launch.launch(Launch.java:135) [launchwrapper-1.11.jar:?]
	at net.minecraft.launchwrapper.Launch.main(Launch.java:28) [launchwrapper-1.11.jar:?]
	at net.minecraftforge.gradle.GradleStartCommon.launch(Unknown Source) [start/:?]
	at GradleStart.main(Unknown Source) [start/:?]
[16:32:13] [Client thread/INFO]: Created: 256x256 textures/items-atlas
[16:32:13] [Client thread/INFO]: Reloading ResourceManager: Default, FMLFileResourcePack:Forge Mod Loader, FMLFileResourcePack:Minecraft Forge, FMLFileResourcePack:Tellura
[16:32:13] [Client thread/INFO]: Created: 512x256 textures/blocks-atlas
[16:32:13] [Client thread/ERROR]: Using missing texture, unable to load minecraft:textures/items/MISSING_ICON_ITEM_4096_amalgamShard.png
java.io.FileNotFoundException: minecraft:textures/items/MISSING_ICON_ITEM_4096_amalgamShard.png
	at net.minecraft.client.resources.FallbackResourceManager.getResource(FallbackResourceManager.java:65) ~[FallbackResourceManager.class:?]
	at net.minecraft.client.resources.SimpleReloadableResourceManager.getResource(SimpleReloadableResourceManager.java:67) ~[SimpleReloadableResourceManager.class:?]
	at net.minecraft.client.renderer.texture.TextureMap.loadTextureAtlas(TextureMap.java:126) [TextureMap.class:?]
	at net.minecraft.client.renderer.texture.TextureMap.loadTexture(TextureMap.java:91) [TextureMap.class:?]
	at net.minecraft.client.renderer.texture.TextureManager.loadTexture(TextureManager.java:89) [TextureManager.class:?]
	at net.minecraft.client.renderer.texture.TextureManager.onResourceManagerReload(TextureManager.java:170) [TextureManager.class:?]
	at net.minecraft.client.resources.SimpleReloadableResourceManager.notifyReloadListeners(SimpleReloadableResourceManager.java:134) [SimpleReloadableResourceManager.class:?]
	at net.minecraft.client.resources.SimpleReloadableResourceManager.reloadResources(SimpleReloadableResourceManager.java:118) [SimpleReloadableResourceManager.class:?]
	at net.minecraft.client.Minecraft.refreshResources(Minecraft.java:643) [Minecraft.class:?]
	at cpw.mods.fml.client.FMLClientHandler.finishMinecraftLoading(FMLClientHandler.java:303) [FMLClientHandler.class:?]
	at net.minecraft.client.Minecraft.startGame(Minecraft.java:586) [Minecraft.class:?]
	at net.minecraft.client.Minecraft.run(Minecraft.java:931) [Minecraft.class:?]
	at net.minecraft.client.main.Main.main(Main.java:164) [Main.class:?]
	at sun.reflect.NativeMethodAccessorImpl.invoke0(Native Method) ~[?:1.8.0_40]
	at sun.reflect.NativeMethodAccessorImpl.invoke(Unknown Source) ~[?:1.8.0_40]
	at sun.reflect.DelegatingMethodAccessorImpl.invoke(Unknown Source) ~[?:1.8.0_40]
	at java.lang.reflect.Method.invoke(Unknown Source) ~[?:1.8.0_40]
	at net.minecraft.launchwrapper.Launch.launch(Launch.java:135) [launchwrapper-1.11.jar:?]
	at net.minecraft.launchwrapper.Launch.main(Launch.java:28) [launchwrapper-1.11.jar:?]
	at net.minecraftforge.gradle.GradleStartCommon.launch(Unknown Source) [start/:?]
	at GradleStart.main(Unknown Source) [start/:?]
[16:32:13] [Client thread/INFO]: Created: 256x256 textures/items-atlas
[16:32:14] [Sound Library Loader/INFO]: Sound engine started
[16:32:18] [Server thread/INFO]: Starting integrated minecraft server version 1.7.10
[16:32:18] [Server thread/INFO]: Generating keypair
[16:32:19] [Server thread/INFO]: Preparing start region for level 0
[16:32:19] [Server thread/INFO]: Changing view distance to 12, from 10
[16:32:20] [Server thread/INFO]: Player159[local:E:4e8a2ca1] logged in with entity id 180 at (-369.62729375819816, 4.0, 323.0413091367589)
[16:32:20] [Server thread/INFO]: Player159 joined the game
[16:32:25] [Server thread/INFO]: Player159 has just earned the achievement [Taking Inventory]
[16:32:25] [Client thread/INFO]: [CHAT] Player159 has just earned the achievement [Taking Inventory]
[16:32:38] [Server thread/INFO]: Saving and pausing game...
[16:32:38] [Server thread/INFO]: Saving chunks for level 'Testo'/Overworld
[16:32:38] [Server thread/INFO]: Saving chunks for level 'Testo'/Nether
[16:32:38] [Server thread/INFO]: Saving chunks for level 'Testo'/The End
[16:32:39] [Server thread/INFO]: Stopping server
[16:32:39] [Server thread/INFO]: Saving players
[16:32:39] [Server thread/INFO]: Saving worlds
[16:32:39] [Server thread/INFO]: Saving chunks for level 'Testo'/Overworld
[16:32:39] [Server thread/INFO]: Saving chunks for level 'Testo'/Nether
[16:32:39] [Server thread/INFO]: Saving chunks for level 'Testo'/The End
[16:32:41] [Client thread/INFO]: Stopping!
